<?xml version="1.0" encoding="UTF-8"?>
<!-- Generated by org.testng.reporters.JUnitXMLReporter -->
<testsuite ignored="0" hostname="DESKTOP-DKB32LH" failures="0" tests="14" name="ecommerce test" time="211.023" errors="0" timestamp="2022-10-13T10:10:41 IST">
  <testcase classname="com.ecommerce.testCases.AccountcreateTest" name="createAccount" time="3.315"/>
  <testcase classname="com.ecommerce.testCases.AccountcreateTest" name="createNewAccount" time="8.19"/>
  <testcase classname="com.ecommerce.testCases.CheckoutTest" name="checkoutTestStarted" time="0.003"/>
  <testcase classname="com.ecommerce.testCases.CheckoutTest" name="login" time="13.813"/>
  <testcase classname="com.ecommerce.testCases.CheckoutTest" name="endtoendTest" time="12.691"/>
  <testcase classname="com.ecommerce.testCases.CheckoutTest" name="order_confirmation" time="4.289"/>
  <testcase classname="com.ecommerce.testCases.IndexTest" name="verify_indexPage" time="2.474"/>
  <testcase classname="com.ecommerce.testCases.LoginTest" name="LoginTestStarted" time="0.004"/>
  <testcase classname="com.ecommerce.testCases.LoginTest" name="loginDetails" time="4.984"/>
  <testcase classname="com.ecommerce.testCases.NewsletterTest" name="Newsletter_Test" time="3.224"/>
  <testcase classname="com.ecommerce.testCases.SummerDressesTest" name="SummerDressesTestStarted" time="0.003"/>
  <testcase classname="com.ecommerce.testCases.SummerDressesTest" name="login" time="17.405"/>
  <testcase classname="com.ecommerce.testCases.Verify_SortingTest" name="Verify_SortingTestStarted" time="0.003"/>
  <testcase classname="com.ecommerce.testCases.Verify_SortingTest" name="verify" time="14.808"/>
</testsuite> <!-- ecommerce test -->
