<?xml version="1.0" encoding="UTF-8"?>
<testng-results ignored="0" total="14" passed="14" failed="0" skipped="0">
  <reporter-output>
  </reporter-output>
  <suite started-at="2022-10-13T10:07:10 IST" name="SleniumFramework" finished-at="2022-10-13T10:10:41 IST" duration-ms="211023">
    <groups>
    </groups>
    <test started-at="2022-10-13T10:07:10 IST" name="ecommerce test" finished-at="2022-10-13T10:10:41 IST" duration-ms="211023">
      <class name="com.ecommerce.testCases.CheckoutTest">
        <test-method is-config="true" signature="setup(java.lang.String)[pri:0, instance:com.ecommerce.testCases.CheckoutTest@10d307f1]" started-at="2022-10-13T10:07:54 IST" name="setup" finished-at="2022-10-13T10:08:16 IST" duration-ms="22412" status="PASS">
          <params>
            <param index="0">
              <value>
                <![CDATA[chrome]]>
              </value>
            </param>
          </params>
          <reporter-output>
          </reporter-output>
        </test-method> <!-- setup -->
        <test-method signature="checkoutTestStarted()[pri:0, instance:com.ecommerce.testCases.CheckoutTest@10d307f1]" started-at="2022-10-13T10:08:16 IST" name="checkoutTestStarted" finished-at="2022-10-13T10:08:16 IST" duration-ms="3" status="PASS">
          <reporter-output>
          </reporter-output>
        </test-method> <!-- checkoutTestStarted -->
        <test-method signature="login(java.lang.String, java.lang.String)[pri:1, instance:com.ecommerce.testCases.CheckoutTest@10d307f1]" started-at="2022-10-13T10:08:17 IST" name="login" data-provider="LoginData" finished-at="2022-10-13T10:08:30 IST" duration-ms="13813" status="PASS">
          <params>
            <param index="0">
              <value>
                <![CDATA[ram9090@gmail.com]]>
              </value>
            </param>
            <param index="1">
              <value>
                <![CDATA[12345]]>
              </value>
            </param>
          </params>
          <reporter-output>
          </reporter-output>
        </test-method> <!-- login -->
        <test-method signature="endtoendTest(java.lang.String, java.lang.String)[pri:2, instance:com.ecommerce.testCases.CheckoutTest@10d307f1]" started-at="2022-10-13T10:08:31 IST" name="endtoendTest" data-provider="getProduct" finished-at="2022-10-13T10:08:43 IST" duration-ms="12691" status="PASS">
          <params>
            <param index="0">
              <value>
                <![CDATA[2]]>
              </value>
            </param>
            <param index="1">
              <value>
                <![CDATA[M]]>
              </value>
            </param>
          </params>
          <reporter-output>
          </reporter-output>
        </test-method> <!-- endtoendTest -->
        <test-method signature="order_confirmation()[pri:3, instance:com.ecommerce.testCases.CheckoutTest@10d307f1]" started-at="2022-10-13T10:08:43 IST" name="order_confirmation" finished-at="2022-10-13T10:08:48 IST" duration-ms="4289" status="PASS">
          <reporter-output>
          </reporter-output>
        </test-method> <!-- order_confirmation -->
        <test-method is-config="true" signature="teardown()[pri:0, instance:com.ecommerce.testCases.CheckoutTest@10d307f1]" started-at="2022-10-13T10:08:48 IST" name="teardown" finished-at="2022-10-13T10:08:49 IST" duration-ms="1344" status="PASS">
          <reporter-output>
          </reporter-output>
        </test-method> <!-- teardown -->
      </class> <!-- com.ecommerce.testCases.CheckoutTest -->
      <class name="com.ecommerce.testCases.AccountcreateTest">
        <test-method is-config="true" signature="setup(java.lang.String)[pri:0, instance:com.ecommerce.testCases.AccountcreateTest@49c7b90e]" started-at="2022-10-13T10:07:10 IST" name="setup" finished-at="2022-10-13T10:07:35 IST" duration-ms="25225" status="PASS">
          <params>
            <param index="0">
              <value>
                <![CDATA[chrome]]>
              </value>
            </param>
          </params>
          <reporter-output>
          </reporter-output>
        </test-method> <!-- setup -->
        <test-method signature="createAccount()[pri:0, instance:com.ecommerce.testCases.AccountcreateTest@49c7b90e]" started-at="2022-10-13T10:07:35 IST" name="createAccount" finished-at="2022-10-13T10:07:39 IST" duration-ms="3315" status="PASS">
          <reporter-output>
          </reporter-output>
        </test-method> <!-- createAccount -->
        <test-method signature="createNewAccount(java.lang.String, java.lang.String, java.lang.String, java.lang.String, java.lang.String, java.lang.String, java.lang.String, java.lang.String, java.lang.String, java.lang.String, java.lang.String, java.lang.String, java.lang.String, java.lang.String)[pri:0, instance:com.ecommerce.testCases.AccountcreateTest@49c7b90e]" started-at="2022-10-13T10:07:44 IST" name="createNewAccount" data-provider="ExcelData" finished-at="2022-10-13T10:07:52 IST" duration-ms="8190" status="PASS">
          <params>
            <param index="0">
              <value>
                <![CDATA[Mrs]]>
              </value>
            </param>
            <param index="1">
              <value>
                <![CDATA[TestUser]]>
              </value>
            </param>
            <param index="2">
              <value>
                <![CDATA[UserTest]]>
              </value>
            </param>
            <param index="3">
              <value>
                <![CDATA[hgsdtyf]]>
              </value>
            </param>
            <param index="4">
              <value>
                <![CDATA[22]]>
              </value>
            </param>
            <param index="5">
              <value>
                <![CDATA[7]]>
              </value>
            </param>
            <param index="6">
              <value>
                <![CDATA[1985]]>
              </value>
            </param>
            <param index="7">
              <value>
                <![CDATA[ABCDEF]]>
              </value>
            </param>
            <param index="8">
              <value>
                <![CDATA[EDFG123]]>
              </value>
            </param>
            <param index="9">
              <value>
                <![CDATA[San]]>
              </value>
            </param>
            <param index="10">
              <value>
                <![CDATA[Alabama]]>
              </value>
            </param>
            <param index="11">
              <value>
                <![CDATA[91436]]>
              </value>
            </param>
            <param index="12">
              <value>
                <![CDATA[United States]]>
              </value>
            </param>
            <param index="13">
              <value>
                <![CDATA[8489875678]]>
              </value>
            </param>
          </params>
          <reporter-output>
          </reporter-output>
        </test-method> <!-- createNewAccount -->
        <test-method is-config="true" signature="teardown()[pri:0, instance:com.ecommerce.testCases.AccountcreateTest@49c7b90e]" started-at="2022-10-13T10:07:52 IST" name="teardown" finished-at="2022-10-13T10:07:54 IST" duration-ms="1415" status="PASS">
          <reporter-output>
          </reporter-output>
        </test-method> <!-- teardown -->
      </class> <!-- com.ecommerce.testCases.AccountcreateTest -->
      <class name="com.ecommerce.testCases.LoginTest">
        <test-method is-config="true" signature="setup(java.lang.String)[pri:0, instance:com.ecommerce.testCases.LoginTest@3e84448c]" started-at="2022-10-13T10:09:05 IST" name="setup" finished-at="2022-10-13T10:09:17 IST" duration-ms="12046" status="PASS">
          <params>
            <param index="0">
              <value>
                <![CDATA[chrome]]>
              </value>
            </param>
          </params>
          <reporter-output>
          </reporter-output>
        </test-method> <!-- setup -->
        <test-method signature="LoginTestStarted()[pri:0, instance:com.ecommerce.testCases.LoginTest@3e84448c]" started-at="2022-10-13T10:09:17 IST" name="LoginTestStarted" finished-at="2022-10-13T10:09:17 IST" duration-ms="4" status="PASS">
          <reporter-output>
          </reporter-output>
        </test-method> <!-- LoginTestStarted -->
        <test-method signature="loginDetails(java.lang.String, java.lang.String)[pri:1, instance:com.ecommerce.testCases.LoginTest@3e84448c]" started-at="2022-10-13T10:09:17 IST" name="loginDetails" data-provider="LoginData" finished-at="2022-10-13T10:09:22 IST" duration-ms="4984" status="PASS">
          <params>
            <param index="0">
              <value>
                <![CDATA[ram9090@gmail.com]]>
              </value>
            </param>
            <param index="1">
              <value>
                <![CDATA[12345]]>
              </value>
            </param>
          </params>
          <reporter-output>
          </reporter-output>
        </test-method> <!-- loginDetails -->
        <test-method is-config="true" signature="teardown()[pri:0, instance:com.ecommerce.testCases.LoginTest@3e84448c]" started-at="2022-10-13T10:09:22 IST" name="teardown" finished-at="2022-10-13T10:09:23 IST" duration-ms="811" status="PASS">
          <reporter-output>
          </reporter-output>
        </test-method> <!-- teardown -->
      </class> <!-- com.ecommerce.testCases.LoginTest -->
      <class name="com.ecommerce.testCases.Verify_SortingTest">
        <test-method is-config="true" signature="setup(java.lang.String)[pri:0, instance:com.ecommerce.testCases.Verify_SortingTest@5403f35f]" started-at="2022-10-13T10:10:11 IST" name="setup" finished-at="2022-10-13T10:10:25 IST" duration-ms="14198" status="PASS">
          <params>
            <param index="0">
              <value>
                <![CDATA[chrome]]>
              </value>
            </param>
          </params>
          <reporter-output>
          </reporter-output>
        </test-method> <!-- setup -->
        <test-method signature="Verify_SortingTestStarted()[pri:0, instance:com.ecommerce.testCases.Verify_SortingTest@5403f35f]" started-at="2022-10-13T10:10:25 IST" name="Verify_SortingTestStarted" finished-at="2022-10-13T10:10:25 IST" duration-ms="3" status="PASS">
          <reporter-output>
          </reporter-output>
        </test-method> <!-- Verify_SortingTestStarted -->
        <test-method signature="verify(java.lang.String, java.lang.String)[pri:1, instance:com.ecommerce.testCases.Verify_SortingTest@5403f35f]" started-at="2022-10-13T10:10:25 IST" name="verify" data-provider="LoginData" finished-at="2022-10-13T10:10:40 IST" duration-ms="14808" status="PASS">
          <params>
            <param index="0">
              <value>
                <![CDATA[ram9090@gmail.com]]>
              </value>
            </param>
            <param index="1">
              <value>
                <![CDATA[12345]]>
              </value>
            </param>
          </params>
          <reporter-output>
          </reporter-output>
        </test-method> <!-- verify -->
        <test-method is-config="true" signature="teardown()[pri:0, instance:com.ecommerce.testCases.Verify_SortingTest@5403f35f]" started-at="2022-10-13T10:10:40 IST" name="teardown" finished-at="2022-10-13T10:10:41 IST" duration-ms="805" status="PASS">
          <reporter-output>
          </reporter-output>
        </test-method> <!-- teardown -->
      </class> <!-- com.ecommerce.testCases.Verify_SortingTest -->
      <class name="com.ecommerce.testCases.SummerDressesTest">
        <test-method is-config="true" signature="setup(java.lang.String)[pri:0, instance:com.ecommerce.testCases.SummerDressesTest@429bffaa]" started-at="2022-10-13T10:09:40 IST" name="setup" finished-at="2022-10-13T10:09:53 IST" duration-ms="12736" status="PASS">
          <params>
            <param index="0">
              <value>
                <![CDATA[chrome]]>
              </value>
            </param>
          </params>
          <reporter-output>
          </reporter-output>
        </test-method> <!-- setup -->
        <test-method signature="SummerDressesTestStarted()[pri:0, instance:com.ecommerce.testCases.SummerDressesTest@429bffaa]" started-at="2022-10-13T10:09:53 IST" name="SummerDressesTestStarted" finished-at="2022-10-13T10:09:53 IST" duration-ms="3" status="PASS">
          <reporter-output>
          </reporter-output>
        </test-method> <!-- SummerDressesTestStarted -->
        <test-method signature="login(java.lang.String, java.lang.String)[pri:1, instance:com.ecommerce.testCases.SummerDressesTest@429bffaa]" started-at="2022-10-13T10:09:53 IST" name="login" data-provider="LoginData" finished-at="2022-10-13T10:10:10 IST" duration-ms="17405" status="PASS">
          <params>
            <param index="0">
              <value>
                <![CDATA[ram9090@gmail.com]]>
              </value>
            </param>
            <param index="1">
              <value>
                <![CDATA[12345]]>
              </value>
            </param>
          </params>
          <reporter-output>
          </reporter-output>
        </test-method> <!-- login -->
        <test-method is-config="true" signature="teardown()[pri:0, instance:com.ecommerce.testCases.SummerDressesTest@429bffaa]" started-at="2022-10-13T10:10:10 IST" name="teardown" finished-at="2022-10-13T10:10:11 IST" duration-ms="832" status="PASS">
          <reporter-output>
          </reporter-output>
        </test-method> <!-- teardown -->
      </class> <!-- com.ecommerce.testCases.SummerDressesTest -->
      <class name="com.ecommerce.testCases.NewsletterTest">
        <test-method is-config="true" signature="setup(java.lang.String)[pri:0, instance:com.ecommerce.testCases.NewsletterTest@4a7f959b]" started-at="2022-10-13T10:09:23 IST" name="setup" finished-at="2022-10-13T10:09:36 IST" duration-ms="13213" status="PASS">
          <params>
            <param index="0">
              <value>
                <![CDATA[chrome]]>
              </value>
            </param>
          </params>
          <reporter-output>
          </reporter-output>
        </test-method> <!-- setup -->
        <test-method signature="Newsletter_Test()[pri:0, instance:com.ecommerce.testCases.NewsletterTest@4a7f959b]" started-at="2022-10-13T10:09:36 IST" name="Newsletter_Test" finished-at="2022-10-13T10:09:39 IST" duration-ms="3224" status="PASS">
          <reporter-output>
          </reporter-output>
        </test-method> <!-- Newsletter_Test -->
        <test-method is-config="true" signature="teardown()[pri:0, instance:com.ecommerce.testCases.NewsletterTest@4a7f959b]" started-at="2022-10-13T10:09:39 IST" name="teardown" finished-at="2022-10-13T10:09:40 IST" duration-ms="795" status="PASS">
          <reporter-output>
          </reporter-output>
        </test-method> <!-- teardown -->
      </class> <!-- com.ecommerce.testCases.NewsletterTest -->
      <class name="com.ecommerce.testCases.IndexTest">
        <test-method is-config="true" signature="setup(java.lang.String)[pri:0, instance:com.ecommerce.testCases.IndexTest@4d5b6aac]" started-at="2022-10-13T10:08:49 IST" name="setup" finished-at="2022-10-13T10:09:01 IST" duration-ms="11641" status="PASS">
          <params>
            <param index="0">
              <value>
                <![CDATA[chrome]]>
              </value>
            </param>
          </params>
          <reporter-output>
          </reporter-output>
        </test-method> <!-- setup -->
        <test-method signature="verify_indexPage()[pri:0, instance:com.ecommerce.testCases.IndexTest@4d5b6aac]" started-at="2022-10-13T10:09:01 IST" name="verify_indexPage" finished-at="2022-10-13T10:09:03 IST" duration-ms="2474" status="PASS">
          <reporter-output>
          </reporter-output>
        </test-method> <!-- verify_indexPage -->
        <test-method is-config="true" signature="teardown()[pri:0, instance:com.ecommerce.testCases.IndexTest@4d5b6aac]" started-at="2022-10-13T10:09:03 IST" name="teardown" finished-at="2022-10-13T10:09:05 IST" duration-ms="1444" status="PASS">
          <reporter-output>
          </reporter-output>
        </test-method> <!-- teardown -->
      </class> <!-- com.ecommerce.testCases.IndexTest -->
    </test> <!-- ecommerce test -->
  </suite> <!-- SleniumFramework -->
</testng-results>
